TN:
SF:src/DataClasses/Bill.js
FN:2,(anonymous_0)
FN:9,(anonymous_1)
FN:18,(anonymous_2)
FN:19,(anonymous_3)
FN:29,(anonymous_4)
FN:32,(anonymous_5)
FN:43,(anonymous_6)
FNF:7
FNH:7
FNDA:9,(anonymous_0)
FNDA:9,(anonymous_1)
FNDA:10,(anonymous_2)
FNDA:10,(anonymous_3)
FNDA:9,(anonymous_4)
FNDA:2,(anonymous_5)
FNDA:9,(anonymous_6)
DA:3,9
DA:4,9
DA:5,9
DA:6,9
DA:11,9
DA:13,9
DA:14,3
DA:17,6
DA:18,10
DA:19,10
DA:21,6
DA:30,9
DA:31,2
DA:32,2
DA:33,2
DA:36,7
DA:44,9
DA:45,7
DA:49,2
DA:55,1
LF:20
LH:20
BRDA:11,0,0,9
BRDA:11,0,1,7
BRDA:13,1,0,3
BRDA:13,1,1,6
BRDA:22,2,0,6
BRDA:22,2,1,4
BRDA:22,2,2,3
BRDA:30,3,0,2
BRDA:30,3,1,7
BRDA:44,4,0,7
BRDA:44,4,1,2
BRF:11
BRH:11
end_of_record
